<?xml version="1.0" encoding="UTF-8"?>
<testsuites tests="7" failures="0" disabled="0" errors="0" time="0.36" timestamp="2025-01-06T16:38:57.665" name="AllTests">
  <testsuite name="I2cInterfaceTest" tests="7" failures="0" disabled="0" skipped="0" errors="0" time="0.359" timestamp="2025-01-06T16:38:57.665">
    <testcase name="read1byte" file="/home/jetpack/SEAME-Cluster-24-25/JetRacer/src/bus_interfaces/i2c_interface/test/src/I2cInterfaceTest.cpp" line="30" status="run" result="completed" time="0.114" timestamp="2025-01-06T16:38:57.665" classname="i2c_interface.I2cInterfaceTest" />
    <testcase name="readFailure" file="/home/jetpack/SEAME-Cluster-24-25/JetRacer/src/bus_interfaces/i2c_interface/test/src/I2cInterfaceTest.cpp" line="53" status="run" result="completed" time="0.062" timestamp="2025-01-06T16:38:57.780" classname="i2c_interface.I2cInterfaceTest" />
    <testcase name="readIncomplete" file="/home/jetpack/SEAME-Cluster-24-25/JetRacer/src/bus_interfaces/i2c_interface/test/src/I2cInterfaceTest.cpp" line="68" status="run" result="completed" time="0.037" timestamp="2025-01-06T16:38:57.842" classname="i2c_interface.I2cInterfaceTest" />
    <testcase name="write1byte" file="/home/jetpack/SEAME-Cluster-24-25/JetRacer/src/bus_interfaces/i2c_interface/test/src/I2cInterfaceTest.cpp" line="85" status="run" result="completed" time="0.035" timestamp="2025-01-06T16:38:57.880" classname="i2c_interface.I2cInterfaceTest" />
    <testcase name="writeFailure" file="/home/jetpack/SEAME-Cluster-24-25/JetRacer/src/bus_interfaces/i2c_interface/test/src/I2cInterfaceTest.cpp" line="106" status="run" result="completed" time="0.036" timestamp="2025-01-06T16:38:57.915" classname="i2c_interface.I2cInterfaceTest" />
    <testcase name="writeIncomplete" file="/home/jetpack/SEAME-Cluster-24-25/JetRacer/src/bus_interfaces/i2c_interface/test/src/I2cInterfaceTest.cpp" line="122" status="run" result="completed" time="0.035" timestamp="2025-01-06T16:38:57.952" classname="i2c_interface.I2cInterfaceTest" />
    <testcase name="setAddressFailure" file="/home/jetpack/SEAME-Cluster-24-25/JetRacer/src/bus_interfaces/i2c_interface/test/src/I2cInterfaceTest.cpp" line="139" status="run" result="completed" time="0.037" timestamp="2025-01-06T16:38:57.988" classname="i2c_interface.I2cInterfaceTest" />
  </testsuite>
</testsuites>
