Start testing: Jan 06 14:55 WET
----------------------------------------------------------
1/1 Testing: i2c_interface_test
1/1 Test: i2c_interface_test
Command: "/usr/bin/python3" "-u" "/opt/ros/jazzy/share/ament_cmake_test/cmake/run_test.py" "/home/jetpack/SEAME-Cluster-24-25/JetRacer/build/i2c_interface/test_results/i2c_interface/i2c_interface_test.gtest.xml" "--package-name" "i2c_interface" "--output-file" "/home/jetpack/SEAME-Cluster-24-25/JetRacer/build/i2c_interface/ament_cmake_gmock/i2c_interface_test.txt" "--command" "/home/jetpack/SEAME-Cluster-24-25/JetRacer/build/i2c_interface/i2c_interface_test" "--gtest_output=xml:/home/jetpack/SEAME-Cluster-24-25/JetRacer/build/i2c_interface/test_results/i2c_interface/i2c_interface_test.gtest.xml"
Directory: /home/jetpack/SEAME-Cluster-24-25/JetRacer/build/i2c_interface
"i2c_interface_test" start time: Jan 06 14:55 WET
Output:
----------------------------------------------------------
-- run_test.py: invoking following command in '/home/jetpack/SEAME-Cluster-24-25/JetRacer/build/i2c_interface':
 - /home/jetpack/SEAME-Cluster-24-25/JetRacer/build/i2c_interface/i2c_interface_test --gtest_output=xml:/home/jetpack/SEAME-Cluster-24-25/JetRacer/build/i2c_interface/test_results/i2c_interface/i2c_interface_test.gtest.xml
Running main() from gmock_main.cc
[==========] Running 6 tests from 1 test suite.
[----------] Global test environment set-up.
[----------] 6 tests from I2cInterfaceTest
[ RUN      ] I2cInterfaceTest.read1byte

GMOCK WARNING:
Uninteresting mock function call - returning default value.
    Function call: open()
          Returns: 0
NOTE: You can safely ignore the above warning unless this call should not happen.  Do not suppress it by blindly adding an EXPECT_CALL() if you don't mean to enforce the call.  See https://github.com/google/googletest/blob/main/docs/gmock_cook_book.md#knowing-when-to-expect-useoncall for details.
[INFO] [1736175351.622473879] [i2c_interface]: Starting i2c interface

GMOCK WARNING:
Uninteresting mock function call - returning default value.
    Function call: setAddress('@' (64, 0x40))
          Returns: 0
NOTE: You can safely ignore the above warning unless this call should not happen.  Do not suppress it by blindly adding an EXPECT_CALL() if you don't mean to enforce the call.  See https://github.com/google/googletest/blob/main/docs/gmock_cook_book.md#knowing-when-to-expect-useoncall for details.

GMOCK WARNING:
Uninteresting mock function call - returning default value.
    Function call: write(@0xffff84000de8 {})
          Returns: 0
NOTE: You can safely ignore the above warning unless this call should not happen.  Do not suppress it by blindly adding an EXPECT_CALL() if you don't mean to enforce the call.  See https://github.com/google/googletest/blob/main/docs/gmock_cook_book.md#knowing-when-to-expect-useoncall for details.
[       OK ] I2cInterfaceTest.read1byte (146 ms)
[ RUN      ] I2cInterfaceTest.readFailure

GMOCK WARNING:
Uninteresting mock function call - returning default value.
    Function call: open()
          Returns: 0
NOTE: You can safely ignore the above warning unless this call should not happen.  Do not suppress it by blindly adding an EXPECT_CALL() if you don't mean to enforce the call.  See https://github.com/google/googletest/blob/main/docs/gmock_cook_book.md#knowing-when-to-expect-useoncall for details.
[INFO] [1736175351.679033364] [i2c_interface]: Starting i2c interface

GMOCK WARNING:
Uninteresting mock function call - returning default value.
    Function call: setAddress('@' (64, 0x40))
          Returns: 0
NOTE: You can safely ignore the above warning unless this call should not happen.  Do not suppress it by blindly adding an EXPECT_CALL() if you don't mean to enforce the call.  See https://github.com/google/googletest/blob/main/docs/gmock_cook_book.md#knowing-when-to-expect-useoncall for details.

GMOCK WARNING:
Uninteresting mock function call - returning default value.
    Function call: write(@0xffff84000f28 {})
          Returns: 0
NOTE: You can safely ignore the above warning unless this call should not happen.  Do not suppress it by blindly adding an EXPECT_CALL() if you don't mean to enforce the call.  See https://github.com/google/googletest/blob/main/docs/gmock_cook_book.md#knowing-when-to-expect-useoncall for details.
[ERROR] [1736175351.682936553] [i2c_interface]: Fail to read from device 0x40
[       OK ] I2cInterfaceTest.readFailure (55 ms)
[ RUN      ] I2cInterfaceTest.readIncomplete

GMOCK WARNING:
Uninteresting mock function call - returning default value.
    Function call: open()
          Returns: 0
NOTE: You can safely ignore the above warning unless this call should not happen.  Do not suppress it by blindly adding an EXPECT_CALL() if you don't mean to enforce the call.  See https://github.com/google/googletest/blob/main/docs/gmock_cook_book.md#knowing-when-to-expect-useoncall for details.
[INFO] [1736175351.728182059] [i2c_interface]: Starting i2c interface

GMOCK WARNING:
Uninteresting mock function call - returning default value.
    Function call: setAddress('@' (64, 0x40))
          Returns: 0
NOTE: You can safely ignore the above warning unless this call should not happen.  Do not suppress it by blindly adding an EXPECT_CALL() if you don't mean to enforce the call.  See https://github.com/google/googletest/blob/main/docs/gmock_cook_book.md#knowing-when-to-expect-useoncall for details.

GMOCK WARNING:
Uninteresting mock function call - returning default value.
    Function call: write(@0xffff84001108 {})
          Returns: 0
NOTE: You can safely ignore the above warning unless this call should not happen.  Do not suppress it by blindly adding an EXPECT_CALL() if you don't mean to enforce the call.  See https://github.com/google/googletest/blob/main/docs/gmock_cook_book.md#knowing-when-to-expect-useoncall for details.
[ERROR] [1736175351.731697252] [i2c_interface]: Incomplete read from device 0x40. expected 3 got 1
[       OK ] I2cInterfaceTest.readIncomplete (47 ms)
[ RUN      ] I2cInterfaceTest.write1byte

GMOCK WARNING:
Uninteresting mock function call - returning default value.
    Function call: open()
          Returns: 0
NOTE: You can safely ignore the above warning unless this call should not happen.  Do not suppress it by blindly adding an EXPECT_CALL() if you don't mean to enforce the call.  See https://github.com/google/googletest/blob/main/docs/gmock_cook_book.md#knowing-when-to-expect-useoncall for details.
[INFO] [1736175351.778969630] [i2c_interface]: Starting i2c interface

GMOCK WARNING:
Uninteresting mock function call - returning default value.
    Function call: setAddress('@' (64, 0x40))
          Returns: 0
NOTE: You can safely ignore the above warning unless this call should not happen.  Do not suppress it by blindly adding an EXPECT_CALL() if you don't mean to enforce the call.  See https://github.com/google/googletest/blob/main/docs/gmock_cook_book.md#knowing-when-to-expect-useoncall for details.
[       OK ] I2cInterfaceTest.write1byte (50 ms)
[ RUN      ] I2cInterfaceTest.writeIncomplete

GMOCK WARNING:
Uninteresting mock function call - returning default value.
    Function call: open()
          Returns: 0
NOTE: You can safely ignore the above warning unless this call should not happen.  Do not suppress it by blindly adding an EXPECT_CALL() if you don't mean to enforce the call.  See https://github.com/google/googletest/blob/main/docs/gmock_cook_book.md#knowing-when-to-expect-useoncall for details.
[INFO] [1736175351.828352657] [i2c_interface]: Starting i2c interface

GMOCK WARNING:
Uninteresting mock function call - returning default value.
    Function call: setAddress('@' (64, 0x40))
          Returns: 0
NOTE: You can safely ignore the above warning unless this call should not happen.  Do not suppress it by blindly adding an EXPECT_CALL() if you don't mean to enforce the call.  See https://github.com/google/googletest/blob/main/docs/gmock_cook_book.md#knowing-when-to-expect-useoncall for details.
[ERROR] [1736175351.831901146] [i2c_interface]: Incomplete write from device 0x40
[       OK ] I2cInterfaceTest.writeIncomplete (50 ms)
[ RUN      ] I2cInterfaceTest.setAddressFailure

GMOCK WARNING:
Uninteresting mock function call - returning default value.
    Function call: open()
          Returns: 0
NOTE: You can safely ignore the above warning unless this call should not happen.  Do not suppress it by blindly adding an EXPECT_CALL() if you don't mean to enforce the call.  See https://github.com/google/googletest/blob/main/docs/gmock_cook_book.md#knowing-when-to-expect-useoncall for details.
[INFO] [1736175351.880512420] [i2c_interface]: Starting i2c interface
[ERROR] [1736175351.883936947] [i2c_interface]: Fail to set the device at address 0x40
[       OK ] I2cInterfaceTest.setAddressFailure (51 ms)
[----------] 6 tests from I2cInterfaceTest (401 ms total)

[----------] Global test environment tear-down
[==========] 6 tests from 1 test suite ran. (401 ms total)
[  PASSED  ] 6 tests.
-- run_test.py: return code 0
-- run_test.py: inject classname prefix into gtest result file '/home/jetpack/SEAME-Cluster-24-25/JetRacer/build/i2c_interface/test_results/i2c_interface/i2c_interface_test.gtest.xml'
-- run_test.py: verify result file '/home/jetpack/SEAME-Cluster-24-25/JetRacer/build/i2c_interface/test_results/i2c_interface/i2c_interface_test.gtest.xml'
<end of output>
Test time =   1.01 sec
----------------------------------------------------------
Test Passed.
"i2c_interface_test" end time: Jan 06 14:55 WET
"i2c_interface_test" time elapsed: 00:00:01
----------------------------------------------------------

End testing: Jan 06 14:55 WET

gmock =   1.01 sec*proc

