Start testing: Jan 06 15:57 WET
----------------------------------------------------------
1/1 Testing: i2c_interface_test
1/1 Test: i2c_interface_test
Command: "/usr/bin/python3" "-u" "/opt/ros/jazzy/share/ament_cmake_test/cmake/run_test.py" "/home/jetpack/SEAME-Cluster-24-25/JetRacer/build/i2c_interface/test_results/i2c_interface/i2c_interface_test.gtest.xml" "--package-name" "i2c_interface" "--output-file" "/home/jetpack/SEAME-Cluster-24-25/JetRacer/build/i2c_interface/ament_cmake_gmock/i2c_interface_test.txt" "--command" "/home/jetpack/SEAME-Cluster-24-25/JetRacer/build/i2c_interface/i2c_interface_test" "--gtest_output=xml:/home/jetpack/SEAME-Cluster-24-25/JetRacer/build/i2c_interface/test_results/i2c_interface/i2c_interface_test.gtest.xml"
Directory: /home/jetpack/SEAME-Cluster-24-25/JetRacer/build/i2c_interface
"i2c_interface_test" start time: Jan 06 15:57 WET
Output:
----------------------------------------------------------
-- run_test.py: invoking following command in '/home/jetpack/SEAME-Cluster-24-25/JetRacer/build/i2c_interface':
 - /home/jetpack/SEAME-Cluster-24-25/JetRacer/build/i2c_interface/i2c_interface_test --gtest_output=xml:/home/jetpack/SEAME-Cluster-24-25/JetRacer/build/i2c_interface/test_results/i2c_interface/i2c_interface_test.gtest.xml
Running main() from gmock_main.cc
[==========] Running 7 tests from 1 test suite.
[----------] Global test environment set-up.
[----------] 7 tests from I2cInterfaceTest
[ RUN      ] I2cInterfaceTest.read1byte

GMOCK WARNING:
Uninteresting mock function call - returning default value.
    Function call: open()
          Returns: 0
NOTE: You can safely ignore the above warning unless this call should not happen.  Do not suppress it by blindly adding an EXPECT_CALL() if you don't mean to enforce the call.  See https://github.com/google/googletest/blob/main/docs/gmock_cook_book.md#knowing-when-to-expect-useoncall for details.
[INFO] [1736179037.934790288] [i2c_interface]: Starting i2c interface

GMOCK WARNING:
Uninteresting mock function call - returning default value.
    Function call: setAddress('@' (64, 0x40))
          Returns: 0
NOTE: You can safely ignore the above warning unless this call should not happen.  Do not suppress it by blindly adding an EXPECT_CALL() if you don't mean to enforce the call.  See https://github.com/google/googletest/blob/main/docs/gmock_cook_book.md#knowing-when-to-expect-useoncall for details.

GMOCK WARNING:
Uninteresting mock function call - returning default value.
    Function call: write(@0xffff90000da8 {})
          Returns: 0
NOTE: You can safely ignore the above warning unless this call should not happen.  Do not suppress it by blindly adding an EXPECT_CALL() if you don't mean to enforce the call.  See https://github.com/google/googletest/blob/main/docs/gmock_cook_book.md#knowing-when-to-expect-useoncall for details.
[       OK ] I2cInterfaceTest.read1byte (284 ms)
[ RUN      ] I2cInterfaceTest.readFailure

GMOCK WARNING:
Uninteresting mock function call - returning default value.
    Function call: open()
          Returns: 0
NOTE: You can safely ignore the above warning unless this call should not happen.  Do not suppress it by blindly adding an EXPECT_CALL() if you don't mean to enforce the call.  See https://github.com/google/googletest/blob/main/docs/gmock_cook_book.md#knowing-when-to-expect-useoncall for details.
[INFO] [1736179037.982637725] [i2c_interface]: Starting i2c interface

GMOCK WARNING:
Uninteresting mock function call - returning default value.
    Function call: setAddress('@' (64, 0x40))
          Returns: 0
NOTE: You can safely ignore the above warning unless this call should not happen.  Do not suppress it by blindly adding an EXPECT_CALL() if you don't mean to enforce the call.  See https://github.com/google/googletest/blob/main/docs/gmock_cook_book.md#knowing-when-to-expect-useoncall for details.

GMOCK WARNING:
Uninteresting mock function call - returning default value.
    Function call: write(@0xffff90000ea8 {})
          Returns: 0
NOTE: You can safely ignore the above warning unless this call should not happen.  Do not suppress it by blindly adding an EXPECT_CALL() if you don't mean to enforce the call.  See https://github.com/google/googletest/blob/main/docs/gmock_cook_book.md#knowing-when-to-expect-useoncall for details.
[ERROR] [1736179037.987989526] [i2c_interface]: Fail to read from device 0x40
[       OK ] I2cInterfaceTest.readFailure (41 ms)
[ RUN      ] I2cInterfaceTest.readIncomplete

GMOCK WARNING:
Uninteresting mock function call - returning default value.
    Function call: open()
          Returns: 0
NOTE: You can safely ignore the above warning unless this call should not happen.  Do not suppress it by blindly adding an EXPECT_CALL() if you don't mean to enforce the call.  See https://github.com/google/googletest/blob/main/docs/gmock_cook_book.md#knowing-when-to-expect-useoncall for details.
[INFO] [1736179038.021655042] [i2c_interface]: Starting i2c interface

GMOCK WARNING:
Uninteresting mock function call - returning default value.
    Function call: setAddress('@' (64, 0x40))
          Returns: 0
NOTE: You can safely ignore the above warning unless this call should not happen.  Do not suppress it by blindly adding an EXPECT_CALL() if you don't mean to enforce the call.  See https://github.com/google/googletest/blob/main/docs/gmock_cook_book.md#knowing-when-to-expect-useoncall for details.

GMOCK WARNING:
Uninteresting mock function call - returning default value.
    Function call: write(@0xffff90001148 {})
          Returns: 0
NOTE: You can safely ignore the above warning unless this call should not happen.  Do not suppress it by blindly adding an EXPECT_CALL() if you don't mean to enforce the call.  See https://github.com/google/googletest/blob/main/docs/gmock_cook_book.md#knowing-when-to-expect-useoncall for details.
[ERROR] [1736179038.024433302] [i2c_interface]: Incomplete read from device 0x40. expected 3 got 1
[       OK ] I2cInterfaceTest.readIncomplete (37 ms)
[ RUN      ] I2cInterfaceTest.write1byte

GMOCK WARNING:
Uninteresting mock function call - returning default value.
    Function call: open()
          Returns: 0
NOTE: You can safely ignore the above warning unless this call should not happen.  Do not suppress it by blindly adding an EXPECT_CALL() if you don't mean to enforce the call.  See https://github.com/google/googletest/blob/main/docs/gmock_cook_book.md#knowing-when-to-expect-useoncall for details.
[INFO] [1736179038.057712085] [i2c_interface]: Starting i2c interface

GMOCK WARNING:
Uninteresting mock function call - returning default value.
    Function call: setAddress('@' (64, 0x40))
          Returns: 0
NOTE: You can safely ignore the above warning unless this call should not happen.  Do not suppress it by blindly adding an EXPECT_CALL() if you don't mean to enforce the call.  See https://github.com/google/googletest/blob/main/docs/gmock_cook_book.md#knowing-when-to-expect-useoncall for details.
[       OK ] I2cInterfaceTest.write1byte (35 ms)
[ RUN      ] I2cInterfaceTest.writeFailure

GMOCK WARNING:
Uninteresting mock function call - returning default value.
    Function call: open()
          Returns: 0
NOTE: You can safely ignore the above warning unless this call should not happen.  Do not suppress it by blindly adding an EXPECT_CALL() if you don't mean to enforce the call.  See https://github.com/google/googletest/blob/main/docs/gmock_cook_book.md#knowing-when-to-expect-useoncall for details.
[INFO] [1736179038.110299837] [i2c_interface]: Starting i2c interface

GMOCK WARNING:
Uninteresting mock function call - returning default value.
    Function call: setAddress('@' (64, 0x40))
          Returns: 0
NOTE: You can safely ignore the above warning unless this call should not happen.  Do not suppress it by blindly adding an EXPECT_CALL() if you don't mean to enforce the call.  See https://github.com/google/googletest/blob/main/docs/gmock_cook_book.md#knowing-when-to-expect-useoncall for details.
[ERROR] [1736179038.115466809] [i2c_interface]: Fail to write to device 0x40
[       OK ] I2cInterfaceTest.writeFailure (63 ms)
[ RUN      ] I2cInterfaceTest.writeIncomplete

GMOCK WARNING:
Uninteresting mock function call - returning default value.
    Function call: open()
          Returns: 0
NOTE: You can safely ignore the above warning unless this call should not happen.  Do not suppress it by blindly adding an EXPECT_CALL() if you don't mean to enforce the call.  See https://github.com/google/googletest/blob/main/docs/gmock_cook_book.md#knowing-when-to-expect-useoncall for details.
[INFO] [1736179038.163458040] [i2c_interface]: Starting i2c interface

GMOCK WARNING:
Uninteresting mock function call - returning default value.
    Function call: setAddress('@' (64, 0x40))
          Returns: 0
NOTE: You can safely ignore the above warning unless this call should not happen.  Do not suppress it by blindly adding an EXPECT_CALL() if you don't mean to enforce the call.  See https://github.com/google/googletest/blob/main/docs/gmock_cook_book.md#knowing-when-to-expect-useoncall for details.
[ERROR] [1736179038.166202745] [i2c_interface]: Incomplete write from device 0x40
[       OK ] I2cInterfaceTest.writeIncomplete (42 ms)
[ RUN      ] I2cInterfaceTest.setAddressFailure

GMOCK WARNING:
Uninteresting mock function call - returning default value.
    Function call: open()
          Returns: 0
NOTE: You can safely ignore the above warning unless this call should not happen.  Do not suppress it by blindly adding an EXPECT_CALL() if you don't mean to enforce the call.  See https://github.com/google/googletest/blob/main/docs/gmock_cook_book.md#knowing-when-to-expect-useoncall for details.
[INFO] [1736179038.200275568] [i2c_interface]: Starting i2c interface
[ERROR] [1736179038.202733316] [i2c_interface]: Fail to set the device at address 0x40
[       OK ] I2cInterfaceTest.setAddressFailure (34 ms)
[----------] 7 tests from I2cInterfaceTest (540 ms total)

[----------] Global test environment tear-down
[==========] 7 tests from 1 test suite ran. (540 ms total)
[  PASSED  ] 7 tests.
-- run_test.py: return code 0
-- run_test.py: inject classname prefix into gtest result file '/home/jetpack/SEAME-Cluster-24-25/JetRacer/build/i2c_interface/test_results/i2c_interface/i2c_interface_test.gtest.xml'
-- run_test.py: verify result file '/home/jetpack/SEAME-Cluster-24-25/JetRacer/build/i2c_interface/test_results/i2c_interface/i2c_interface_test.gtest.xml'
<end of output>
Test time =   1.08 sec
----------------------------------------------------------
Test Passed.
"i2c_interface_test" end time: Jan 06 15:57 WET
"i2c_interface_test" time elapsed: 00:00:01
----------------------------------------------------------

End testing: Jan 06 15:57 WET

gmock =   1.08 sec*proc

