Start testing: Jan 06 16:30 WET
----------------------------------------------------------
1/1 Testing: i2c_interface_test
1/1 Test: i2c_interface_test
Command: "/usr/bin/python3" "-u" "/opt/ros/jazzy/share/ament_cmake_test/cmake/run_test.py" "/home/jetpack/SEAME-Cluster-24-25/JetRacer/build/i2c_interface/test_results/i2c_interface/i2c_interface_test.gtest.xml" "--package-name" "i2c_interface" "--output-file" "/home/jetpack/SEAME-Cluster-24-25/JetRacer/build/i2c_interface/ament_cmake_gmock/i2c_interface_test.txt" "--command" "/home/jetpack/SEAME-Cluster-24-25/JetRacer/build/i2c_interface/i2c_interface_test" "--gtest_output=xml:/home/jetpack/SEAME-Cluster-24-25/JetRacer/build/i2c_interface/test_results/i2c_interface/i2c_interface_test.gtest.xml"
Directory: /home/jetpack/SEAME-Cluster-24-25/JetRacer/build/i2c_interface
"i2c_interface_test" start time: Jan 06 16:30 WET
Output:
----------------------------------------------------------
-- run_test.py: invoking following command in '/home/jetpack/SEAME-Cluster-24-25/JetRacer/build/i2c_interface':
 - /home/jetpack/SEAME-Cluster-24-25/JetRacer/build/i2c_interface/i2c_interface_test --gtest_output=xml:/home/jetpack/SEAME-Cluster-24-25/JetRacer/build/i2c_interface/test_results/i2c_interface/i2c_interface_test.gtest.xml
Running main() from gmock_main.cc
[==========] Running 7 tests from 1 test suite.
[----------] Global test environment set-up.
[----------] 7 tests from I2cInterfaceTest
[ RUN      ] I2cInterfaceTest.read1byte

GMOCK WARNING:
Uninteresting mock function call - returning default value.
    Function call: open()
          Returns: 0
NOTE: You can safely ignore the above warning unless this call should not happen.  Do not suppress it by blindly adding an EXPECT_CALL() if you don't mean to enforce the call.  See https://github.com/google/googletest/blob/main/docs/gmock_cook_book.md#knowing-when-to-expect-useoncall for details.
[INFO] [1736181028.114902709] [i2c_interface]: Starting i2c interface

GMOCK WARNING:
Uninteresting mock function call - returning default value.
    Function call: setAddress('@' (64, 0x40))
          Returns: 0
NOTE: You can safely ignore the above warning unless this call should not happen.  Do not suppress it by blindly adding an EXPECT_CALL() if you don't mean to enforce the call.  See https://github.com/google/googletest/blob/main/docs/gmock_cook_book.md#knowing-when-to-expect-useoncall for details.

GMOCK WARNING:
Uninteresting mock function call - returning default value.
    Function call: write(@0xffff90000da8 {})
          Returns: 0
NOTE: You can safely ignore the above warning unless this call should not happen.  Do not suppress it by blindly adding an EXPECT_CALL() if you don't mean to enforce the call.  See https://github.com/google/googletest/blob/main/docs/gmock_cook_book.md#knowing-when-to-expect-useoncall for details.
[       OK ] I2cInterfaceTest.read1byte (109 ms)
[ RUN      ] I2cInterfaceTest.readFailure

GMOCK WARNING:
Uninteresting mock function call - returning default value.
    Function call: open()
          Returns: 0
NOTE: You can safely ignore the above warning unless this call should not happen.  Do not suppress it by blindly adding an EXPECT_CALL() if you don't mean to enforce the call.  See https://github.com/google/googletest/blob/main/docs/gmock_cook_book.md#knowing-when-to-expect-useoncall for details.
[INFO] [1736181028.158741115] [i2c_interface]: Starting i2c interface

GMOCK WARNING:
Uninteresting mock function call - returning default value.
    Function call: setAddress('@' (64, 0x40))
          Returns: 0
NOTE: You can safely ignore the above warning unless this call should not happen.  Do not suppress it by blindly adding an EXPECT_CALL() if you don't mean to enforce the call.  See https://github.com/google/googletest/blob/main/docs/gmock_cook_book.md#knowing-when-to-expect-useoncall for details.

GMOCK WARNING:
Uninteresting mock function call - returning default value.
    Function call: write(@0xffff90000ea8 {})
          Returns: 0
NOTE: You can safely ignore the above warning unless this call should not happen.  Do not suppress it by blindly adding an EXPECT_CALL() if you don't mean to enforce the call.  See https://github.com/google/googletest/blob/main/docs/gmock_cook_book.md#knowing-when-to-expect-useoncall for details.
[ERROR] [1736181028.161643002] [i2c_interface]: Fail to read from device 0x40
[       OK ] I2cInterfaceTest.readFailure (53 ms)
[ RUN      ] I2cInterfaceTest.readIncomplete

GMOCK WARNING:
Uninteresting mock function call - returning default value.
    Function call: open()
          Returns: 0
NOTE: You can safely ignore the above warning unless this call should not happen.  Do not suppress it by blindly adding an EXPECT_CALL() if you don't mean to enforce the call.  See https://github.com/google/googletest/blob/main/docs/gmock_cook_book.md#knowing-when-to-expect-useoncall for details.
[INFO] [1736181028.224008337] [i2c_interface]: Starting i2c interface

GMOCK WARNING:
Uninteresting mock function call - returning default value.
    Function call: setAddress('@' (64, 0x40))
          Returns: 0
NOTE: You can safely ignore the above warning unless this call should not happen.  Do not suppress it by blindly adding an EXPECT_CALL() if you don't mean to enforce the call.  See https://github.com/google/googletest/blob/main/docs/gmock_cook_book.md#knowing-when-to-expect-useoncall for details.

GMOCK WARNING:
Uninteresting mock function call - returning default value.
    Function call: write(@0xffff90000cf8 {})
          Returns: 0
NOTE: You can safely ignore the above warning unless this call should not happen.  Do not suppress it by blindly adding an EXPECT_CALL() if you don't mean to enforce the call.  See https://github.com/google/googletest/blob/main/docs/gmock_cook_book.md#knowing-when-to-expect-useoncall for details.
[ERROR] [1736181028.227575247] [i2c_interface]: Incomplete read from device 0x40. expected 3 got 1
[       OK ] I2cInterfaceTest.readIncomplete (60 ms)
[ RUN      ] I2cInterfaceTest.write1byte

GMOCK WARNING:
Uninteresting mock function call - returning default value.
    Function call: open()
          Returns: 0
NOTE: You can safely ignore the above warning unless this call should not happen.  Do not suppress it by blindly adding an EXPECT_CALL() if you don't mean to enforce the call.  See https://github.com/google/googletest/blob/main/docs/gmock_cook_book.md#knowing-when-to-expect-useoncall for details.
[INFO] [1736181028.267467029] [i2c_interface]: Starting i2c interface

GMOCK WARNING:
Uninteresting mock function call - returning default value.
    Function call: setAddress('@' (64, 0x40))
          Returns: 0
NOTE: You can safely ignore the above warning unless this call should not happen.  Do not suppress it by blindly adding an EXPECT_CALL() if you don't mean to enforce the call.  See https://github.com/google/googletest/blob/main/docs/gmock_cook_book.md#knowing-when-to-expect-useoncall for details.
[       OK ] I2cInterfaceTest.write1byte (36 ms)
[ RUN      ] I2cInterfaceTest.writeFailure

GMOCK WARNING:
Uninteresting mock function call - returning default value.
    Function call: open()
          Returns: 0
NOTE: You can safely ignore the above warning unless this call should not happen.  Do not suppress it by blindly adding an EXPECT_CALL() if you don't mean to enforce the call.  See https://github.com/google/googletest/blob/main/docs/gmock_cook_book.md#knowing-when-to-expect-useoncall for details.
[INFO] [1736181028.303602792] [i2c_interface]: Starting i2c interface

GMOCK WARNING:
Uninteresting mock function call - returning default value.
    Function call: setAddress('@' (64, 0x40))
          Returns: 0
NOTE: You can safely ignore the above warning unless this call should not happen.  Do not suppress it by blindly adding an EXPECT_CALL() if you don't mean to enforce the call.  See https://github.com/google/googletest/blob/main/docs/gmock_cook_book.md#knowing-when-to-expect-useoncall for details.
[ERROR] [1736181028.306257813] [i2c_interface]: Fail to write to device 0x40
[       OK ] I2cInterfaceTest.writeFailure (36 ms)
[ RUN      ] I2cInterfaceTest.writeIncomplete

GMOCK WARNING:
Uninteresting mock function call - returning default value.
    Function call: open()
          Returns: 0
NOTE: You can safely ignore the above warning unless this call should not happen.  Do not suppress it by blindly adding an EXPECT_CALL() if you don't mean to enforce the call.  See https://github.com/google/googletest/blob/main/docs/gmock_cook_book.md#knowing-when-to-expect-useoncall for details.
[INFO] [1736181028.338880924] [i2c_interface]: Starting i2c interface

GMOCK WARNING:
Uninteresting mock function call - returning default value.
    Function call: setAddress('@' (64, 0x40))
          Returns: 0
NOTE: You can safely ignore the above warning unless this call should not happen.  Do not suppress it by blindly adding an EXPECT_CALL() if you don't mean to enforce the call.  See https://github.com/google/googletest/blob/main/docs/gmock_cook_book.md#knowing-when-to-expect-useoncall for details.
[ERROR] [1736181028.341480595] [i2c_interface]: Incomplete write from device 0x40
[       OK ] I2cInterfaceTest.writeIncomplete (35 ms)
[ RUN      ] I2cInterfaceTest.setAddressFailure

GMOCK WARNING:
Uninteresting mock function call - returning default value.
    Function call: open()
          Returns: 0
NOTE: You can safely ignore the above warning unless this call should not happen.  Do not suppress it by blindly adding an EXPECT_CALL() if you don't mean to enforce the call.  See https://github.com/google/googletest/blob/main/docs/gmock_cook_book.md#knowing-when-to-expect-useoncall for details.
[INFO] [1736181028.376029982] [i2c_interface]: Starting i2c interface
[ERROR] [1736181028.378573617] [i2c_interface]: Fail to set the device at address 0x40
[       OK ] I2cInterfaceTest.setAddressFailure (36 ms)
[----------] 7 tests from I2cInterfaceTest (367 ms total)

[----------] Global test environment tear-down
[==========] 7 tests from 1 test suite ran. (367 ms total)
[  PASSED  ] 7 tests.
-- run_test.py: return code 0
-- run_test.py: inject classname prefix into gtest result file '/home/jetpack/SEAME-Cluster-24-25/JetRacer/build/i2c_interface/test_results/i2c_interface/i2c_interface_test.gtest.xml'
-- run_test.py: verify result file '/home/jetpack/SEAME-Cluster-24-25/JetRacer/build/i2c_interface/test_results/i2c_interface/i2c_interface_test.gtest.xml'
<end of output>
Test time =   0.96 sec
----------------------------------------------------------
Test Passed.
"i2c_interface_test" end time: Jan 06 16:30 WET
"i2c_interface_test" time elapsed: 00:00:00
----------------------------------------------------------

End testing: Jan 06 16:30 WET

gmock =   0.96 sec*proc

