Start testing: Jan 06 16:30 WET
----------------------------------------------------------
1/1 Testing: can_interface_test
1/1 Test: can_interface_test
Command: "/usr/bin/python3" "-u" "/opt/ros/jazzy/share/ament_cmake_test/cmake/run_test.py" "/home/jetpack/SEAME-Cluster-24-25/JetRacer/build/can_interface/test_results/can_interface/can_interface_test.gtest.xml" "--package-name" "can_interface" "--output-file" "/home/jetpack/SEAME-Cluster-24-25/JetRacer/build/can_interface/ament_cmake_gmock/can_interface_test.txt" "--command" "/home/jetpack/SEAME-Cluster-24-25/JetRacer/build/can_interface/can_interface_test" "--gtest_output=xml:/home/jetpack/SEAME-Cluster-24-25/JetRacer/build/can_interface/test_results/can_interface/can_interface_test.gtest.xml"
Directory: /home/jetpack/SEAME-Cluster-24-25/JetRacer/build/can_interface
"can_interface_test" start time: Jan 06 16:30 WET
Output:
----------------------------------------------------------
-- run_test.py: invoking following command in '/home/jetpack/SEAME-Cluster-24-25/JetRacer/build/can_interface':
 - /home/jetpack/SEAME-Cluster-24-25/JetRacer/build/can_interface/can_interface_test --gtest_output=xml:/home/jetpack/SEAME-Cluster-24-25/JetRacer/build/can_interface/test_results/can_interface/can_interface_test.gtest.xml
Running main() from gmock_main.cc
[==========] Running 3 tests from 1 test suite.
[----------] Global test environment set-up.
[----------] 3 tests from CanInterfaceTest
[ RUN      ] CanInterfaceTest.readSuccess
[INFO] [1736181027.885001355] [can_interface]: Mock driver received!
[INFO] [1736181027.889359121] [can_interface]: Starting CAN bus interface
[       OK ] CanInterfaceTest.readSuccess (150 ms)
[ RUN      ] CanInterfaceTest.readFailure
[INFO] [1736181027.959362209] [can_interface]: Mock driver received!
[INFO] [1736181027.963250706] [can_interface]: Starting CAN bus interface
[ERROR] [1736181027.969219031] [can_interface]: Fail reading can bus, request timed out
[       OK ] CanInterfaceTest.readFailure (78 ms)
[ RUN      ] CanInterfaceTest.writeFailure
[INFO] [1736181028.027930401] [can_interface]: Mock driver received!
[INFO] [1736181028.029939453] [can_interface]: Starting CAN bus interface
[ERROR] [1736181028.033296183] [can_interface]: Fail writing data: std::exception
[       OK ] CanInterfaceTest.writeFailure (51 ms)
[----------] 3 tests from CanInterfaceTest (281 ms total)

[----------] Global test environment tear-down
[==========] 3 tests from 1 test suite ran. (281 ms total)
[  PASSED  ] 3 tests.
-- run_test.py: return code 0
-- run_test.py: inject classname prefix into gtest result file '/home/jetpack/SEAME-Cluster-24-25/JetRacer/build/can_interface/test_results/can_interface/can_interface_test.gtest.xml'
-- run_test.py: verify result file '/home/jetpack/SEAME-Cluster-24-25/JetRacer/build/can_interface/test_results/can_interface/can_interface_test.gtest.xml'
<end of output>
Test time =   0.87 sec
----------------------------------------------------------
Test Passed.
"can_interface_test" end time: Jan 06 16:30 WET
"can_interface_test" time elapsed: 00:00:00
----------------------------------------------------------

End testing: Jan 06 16:30 WET

gmock =   0.87 sec*proc

