Start testing: Jan 06 14:55 WET
----------------------------------------------------------
1/1 Testing: can_interface_test
1/1 Test: can_interface_test
Command: "/usr/bin/python3" "-u" "/opt/ros/jazzy/share/ament_cmake_test/cmake/run_test.py" "/home/jetpack/SEAME-Cluster-24-25/JetRacer/build/can_interface/test_results/can_interface/can_interface_test.gtest.xml" "--package-name" "can_interface" "--output-file" "/home/jetpack/SEAME-Cluster-24-25/JetRacer/build/can_interface/ament_cmake_gmock/can_interface_test.txt" "--command" "/home/jetpack/SEAME-Cluster-24-25/JetRacer/build/can_interface/can_interface_test" "--gtest_output=xml:/home/jetpack/SEAME-Cluster-24-25/JetRacer/build/can_interface/test_results/can_interface/can_interface_test.gtest.xml"
Directory: /home/jetpack/SEAME-Cluster-24-25/JetRacer/build/can_interface
"can_interface_test" start time: Jan 06 14:55 WET
Output:
----------------------------------------------------------
-- run_test.py: invoking following command in '/home/jetpack/SEAME-Cluster-24-25/JetRacer/build/can_interface':
 - /home/jetpack/SEAME-Cluster-24-25/JetRacer/build/can_interface/can_interface_test --gtest_output=xml:/home/jetpack/SEAME-Cluster-24-25/JetRacer/build/can_interface/test_results/can_interface/can_interface_test.gtest.xml
Running main() from gmock_main.cc
[==========] Running 1 test from 1 test suite.
[----------] Global test environment set-up.
[----------] 1 test from CanInterfaceTest
[ RUN      ] CanInterfaceTest.readMessage
[INFO] [1736175351.339219125] [can_interface]: Mock driver received!
[INFO] [1736175351.346940745] [can_interface]: Starting CAN bus interface
[       OK ] CanInterfaceTest.readMessage (211 ms)
[----------] 1 test from CanInterfaceTest (212 ms total)

[----------] Global test environment tear-down
[==========] 1 test from 1 test suite ran. (213 ms total)
[  PASSED  ] 1 test.
-- run_test.py: return code 0
-- run_test.py: inject classname prefix into gtest result file '/home/jetpack/SEAME-Cluster-24-25/JetRacer/build/can_interface/test_results/can_interface/can_interface_test.gtest.xml'
-- run_test.py: verify result file '/home/jetpack/SEAME-Cluster-24-25/JetRacer/build/can_interface/test_results/can_interface/can_interface_test.gtest.xml'
<end of output>
Test time =   0.81 sec
----------------------------------------------------------
Test Passed.
"can_interface_test" end time: Jan 06 14:55 WET
"can_interface_test" time elapsed: 00:00:00
----------------------------------------------------------

End testing: Jan 06 14:55 WET

gmock =   0.81 sec*proc

