<?xml version="1.0" encoding="UTF-8"?>
<testsuites tests="3" failures="0" disabled="0" errors="0" time="0.275" timestamp="2025-01-06T16:38:57.377" name="AllTests">
  <testsuite name="CanInterfaceTest" tests="3" failures="0" disabled="0" skipped="0" errors="0" time="0.274" timestamp="2025-01-06T16:38:57.378">
    <testcase name="readSuccess" file="/home/jetpack/SEAME-Cluster-24-25/JetRacer/src/bus_interfaces/can_interface/test/src/CanInterfaceTest.cpp" line="28" status="run" result="completed" time="0.162" timestamp="2025-01-06T16:38:57.378" classname="can_interface.CanInterfaceTest" />
    <testcase name="readFailure" file="/home/jetpack/SEAME-Cluster-24-25/JetRacer/src/bus_interfaces/can_interface/test/src/CanInterfaceTest.cpp" line="51" status="run" result="completed" time="0.068" timestamp="2025-01-06T16:38:57.541" classname="can_interface.CanInterfaceTest" />
    <testcase name="writeFailure" file="/home/jetpack/SEAME-Cluster-24-25/JetRacer/src/bus_interfaces/can_interface/test/src/CanInterfaceTest.cpp" line="65" status="run" result="completed" time="0.041" timestamp="2025-01-06T16:38:57.611" classname="can_interface.CanInterfaceTest" />
  </testsuite>
</testsuites>
