<?xml version="1.0" encoding="UTF-8"?>
<Site BuildName="(empty)"
	BuildStamp="20250106-1607-Experimental"
	Name="jetpack-desktop"
	Generator="ctest-3.28.3"
	CompilerName="/usr/bin/c++"
	CompilerVersion="13.3.0"
	OSName="Linux"
	Hostname="jetpack-desktop"
	OSRelease="6.8.0-1017-raspi"
	OSVersion="#19-Ubuntu SMP PREEMPT_DYNAMIC Fri Dec  6 20:45:12 UTC 2024"
	OSPlatform="aarch64"
	Is64Bits="1"
	VendorString=""
	VendorID="Unknown Manufacturer"
	FamilyID="8"
	ModelID="0"
	ProcessorCacheSize="0"
	NumberOfLogicalCPU="4"
	NumberOfPhysicalCPU="1"
	TotalVirtualMemory="1023"
	TotalPhysicalMemory="7802"
	LogicalProcessorsPerPhysical="4"
	ProcessorClockFrequency="0"
	>
	<Testing>
		<StartDateTime>Jan 06 16:07 WET</StartDateTime>
		<StartTestTime>1736179643</StartTestTime>
		<TestList>
			<Test>./i2c_interface_test</Test>
		</TestList>
		<Test Status="passed">
			<Name>i2c_interface_test</Name>
			<Path>.</Path>
			<FullName>./i2c_interface_test</FullName>
			<FullCommandLine>/usr/bin/python3 "-u" "/opt/ros/jazzy/share/ament_cmake_test/cmake/run_test.py" "/home/jetpack/SEAME-Cluster-24-25/JetRacer/build/i2c_interface/test_results/i2c_interface/i2c_interface_test.gtest.xml" "--package-name" "i2c_interface" "--output-file" "/home/jetpack/SEAME-Cluster-24-25/JetRacer/build/i2c_interface/ament_cmake_gmock/i2c_interface_test.txt" "--command" "/home/jetpack/SEAME-Cluster-24-25/JetRacer/build/i2c_interface/i2c_interface_test" "--gtest_output=xml:/home/jetpack/SEAME-Cluster-24-25/JetRacer/build/i2c_interface/test_results/i2c_interface/i2c_interface_test.gtest.xml"</FullCommandLine>
			<Results>
				<NamedMeasurement type="numeric/double" name="Execution Time">
					<Value>0.948875</Value>
				</NamedMeasurement>
				<NamedMeasurement type="numeric/double" name="Processors">
					<Value>1</Value>
				</NamedMeasurement>
				<NamedMeasurement type="text/string" name="Completion Status">
					<Value>Completed</Value>
				</NamedMeasurement>
				<NamedMeasurement type="text/string" name="Command Line">
					<Value>/usr/bin/python3 "-u" "/opt/ros/jazzy/share/ament_cmake_test/cmake/run_test.py" "/home/jetpack/SEAME-Cluster-24-25/JetRacer/build/i2c_interface/test_results/i2c_interface/i2c_interface_test.gtest.xml" "--package-name" "i2c_interface" "--output-file" "/home/jetpack/SEAME-Cluster-24-25/JetRacer/build/i2c_interface/ament_cmake_gmock/i2c_interface_test.txt" "--command" "/home/jetpack/SEAME-Cluster-24-25/JetRacer/build/i2c_interface/i2c_interface_test" "--gtest_output=xml:/home/jetpack/SEAME-Cluster-24-25/JetRacer/build/i2c_interface/test_results/i2c_interface/i2c_interface_test.gtest.xml"</Value>
				</NamedMeasurement>
				<NamedMeasurement type="text/string" name="Environment">
					<Value>#CTEST_RESOURCE_GROUP_COUNT=</Value>
				</NamedMeasurement>
				<Measurement>
					<Value>-- run_test.py: invoking following command in '/home/jetpack/SEAME-Cluster-24-25/JetRacer/build/i2c_interface':
 - /home/jetpack/SEAME-Cluster-24-25/JetRacer/build/i2c_interface/i2c_interface_test --gtest_output=xml:/home/jetpack/SEAME-Cluster-24-25/JetRacer/build/i2c_interface/test_results/i2c_interface/i2c_interface_test.gtest.xml
Running main() from gmock_main.cc
[==========] Running 7 tests from 1 test suite.
[----------] Global test environment set-up.
[----------] 7 tests from I2cInterfaceTest
[ RUN      ] I2cInterfaceTest.read1byte

GMOCK WARNING:
Uninteresting mock function call - returning default value.
    Function call: open()
          Returns: 0
NOTE: You can safely ignore the above warning unless this call should not happen.  Do not suppress it by blindly adding an EXPECT_CALL() if you don't mean to enforce the call.  See https://github.com/google/googletest/blob/main/docs/gmock_cook_book.md#knowing-when-to-expect-useoncall for details.
[INFO] [1736179644.471244689] [i2c_interface]: Starting i2c interface

GMOCK WARNING:
Uninteresting mock function call - returning default value.
    Function call: setAddress('@' (64, 0x40))
          Returns: 0
NOTE: You can safely ignore the above warning unless this call should not happen.  Do not suppress it by blindly adding an EXPECT_CALL() if you don't mean to enforce the call.  See https://github.com/google/googletest/blob/main/docs/gmock_cook_book.md#knowing-when-to-expect-useoncall for details.

GMOCK WARNING:
Uninteresting mock function call - returning default value.
    Function call: write(@0xffff98000da8 {})
          Returns: 0
NOTE: You can safely ignore the above warning unless this call should not happen.  Do not suppress it by blindly adding an EXPECT_CALL() if you don't mean to enforce the call.  See https://github.com/google/googletest/blob/main/docs/gmock_cook_book.md#knowing-when-to-expect-useoncall for details.
[       OK ] I2cInterfaceTest.read1byte (133 ms)
[ RUN      ] I2cInterfaceTest.readFailure

GMOCK WARNING:
Uninteresting mock function call - returning default value.
    Function call: open()
          Returns: 0
NOTE: You can safely ignore the above warning unless this call should not happen.  Do not suppress it by blindly adding an EXPECT_CALL() if you don't mean to enforce the call.  See https://github.com/google/googletest/blob/main/docs/gmock_cook_book.md#knowing-when-to-expect-useoncall for details.
[INFO] [1736179644.536473548] [i2c_interface]: Starting i2c interface

GMOCK WARNING:
Uninteresting mock function call - returning default value.
    Function call: setAddress('@' (64, 0x40))
          Returns: 0
NOTE: You can safely ignore the above warning unless this call should not happen.  Do not suppress it by blindly adding an EXPECT_CALL() if you don't mean to enforce the call.  See https://github.com/google/googletest/blob/main/docs/gmock_cook_book.md#knowing-when-to-expect-useoncall for details.

GMOCK WARNING:
Uninteresting mock function call - returning default value.
    Function call: write(@0xffff98000ea8 {})
          Returns: 0
NOTE: You can safely ignore the above warning unless this call should not happen.  Do not suppress it by blindly adding an EXPECT_CALL() if you don't mean to enforce the call.  See https://github.com/google/googletest/blob/main/docs/gmock_cook_book.md#knowing-when-to-expect-useoncall for details.
[ERROR] [1736179644.539701522] [i2c_interface]: Fail to read from device 0x40
[       OK ] I2cInterfaceTest.readFailure (48 ms)
[ RUN      ] I2cInterfaceTest.readIncomplete

GMOCK WARNING:
Uninteresting mock function call - returning default value.
    Function call: open()
          Returns: 0
NOTE: You can safely ignore the above warning unless this call should not happen.  Do not suppress it by blindly adding an EXPECT_CALL() if you don't mean to enforce the call.  See https://github.com/google/googletest/blob/main/docs/gmock_cook_book.md#knowing-when-to-expect-useoncall for details.
[INFO] [1736179644.573510043] [i2c_interface]: Starting i2c interface

GMOCK WARNING:
Uninteresting mock function call - returning default value.
    Function call: setAddress('@' (64, 0x40))
          Returns: 0
NOTE: You can safely ignore the above warning unless this call should not happen.  Do not suppress it by blindly adding an EXPECT_CALL() if you don't mean to enforce the call.  See https://github.com/google/googletest/blob/main/docs/gmock_cook_book.md#knowing-when-to-expect-useoncall for details.

GMOCK WARNING:
Uninteresting mock function call - returning default value.
    Function call: write(@0xffff98001108 {})
          Returns: 0
NOTE: You can safely ignore the above warning unless this call should not happen.  Do not suppress it by blindly adding an EXPECT_CALL() if you don't mean to enforce the call.  See https://github.com/google/googletest/blob/main/docs/gmock_cook_book.md#knowing-when-to-expect-useoncall for details.
[ERROR] [1736179644.576511482] [i2c_interface]: Incomplete read from device 0x40. expected 3 got 1
[       OK ] I2cInterfaceTest.readIncomplete (36 ms)
[ RUN      ] I2cInterfaceTest.write1byte

GMOCK WARNING:
Uninteresting mock function call - returning default value.
    Function call: open()
          Returns: 0
NOTE: You can safely ignore the above warning unless this call should not happen.  Do not suppress it by blindly adding an EXPECT_CALL() if you don't mean to enforce the call.  See https://github.com/google/googletest/blob/main/docs/gmock_cook_book.md#knowing-when-to-expect-useoncall for details.
[INFO] [1736179644.612797891] [i2c_interface]: Starting i2c interface

GMOCK WARNING:
Uninteresting mock function call - returning default value.
    Function call: setAddress('@' (64, 0x40))
          Returns: 0
NOTE: You can safely ignore the above warning unless this call should not happen.  Do not suppress it by blindly adding an EXPECT_CALL() if you don't mean to enforce the call.  See https://github.com/google/googletest/blob/main/docs/gmock_cook_book.md#knowing-when-to-expect-useoncall for details.
[       OK ] I2cInterfaceTest.write1byte (37 ms)
[ RUN      ] I2cInterfaceTest.writeFailure

GMOCK WARNING:
Uninteresting mock function call - returning default value.
    Function call: open()
          Returns: 0
NOTE: You can safely ignore the above warning unless this call should not happen.  Do not suppress it by blindly adding an EXPECT_CALL() if you don't mean to enforce the call.  See https://github.com/google/googletest/blob/main/docs/gmock_cook_book.md#knowing-when-to-expect-useoncall for details.
[INFO] [1736179644.649362297] [i2c_interface]: Starting i2c interface

GMOCK WARNING:
Uninteresting mock function call - returning default value.
    Function call: setAddress('@' (64, 0x40))
          Returns: 0
NOTE: You can safely ignore the above warning unless this call should not happen.  Do not suppress it by blindly adding an EXPECT_CALL() if you don't mean to enforce the call.  See https://github.com/google/googletest/blob/main/docs/gmock_cook_book.md#knowing-when-to-expect-useoncall for details.
[ERROR] [1736179644.652128849] [i2c_interface]: Fail to write to device 0x40
[       OK ] I2cInterfaceTest.writeFailure (36 ms)
[ RUN      ] I2cInterfaceTest.writeIncomplete

GMOCK WARNING:
Uninteresting mock function call - returning default value.
    Function call: open()
          Returns: 0
NOTE: You can safely ignore the above warning unless this call should not happen.  Do not suppress it by blindly adding an EXPECT_CALL() if you don't mean to enforce the call.  See https://github.com/google/googletest/blob/main/docs/gmock_cook_book.md#knowing-when-to-expect-useoncall for details.
[INFO] [1736179644.685363542] [i2c_interface]: Starting i2c interface

GMOCK WARNING:
Uninteresting mock function call - returning default value.
    Function call: setAddress('@' (64, 0x40))
          Returns: 0
NOTE: You can safely ignore the above warning unless this call should not happen.  Do not suppress it by blindly adding an EXPECT_CALL() if you don't mean to enforce the call.  See https://github.com/google/googletest/blob/main/docs/gmock_cook_book.md#knowing-when-to-expect-useoncall for details.
[ERROR] [1736179644.687840818] [i2c_interface]: Incomplete write from device 0x40
[       OK ] I2cInterfaceTest.writeIncomplete (35 ms)
[ RUN      ] I2cInterfaceTest.setAddressFailure

GMOCK WARNING:
Uninteresting mock function call - returning default value.
    Function call: open()
          Returns: 0
NOTE: You can safely ignore the above warning unless this call should not happen.  Do not suppress it by blindly adding an EXPECT_CALL() if you don't mean to enforce the call.  See https://github.com/google/googletest/blob/main/docs/gmock_cook_book.md#knowing-when-to-expect-useoncall for details.
[INFO] [1736179644.721076936] [i2c_interface]: Starting i2c interface
[ERROR] [1736179644.723623231] [i2c_interface]: Fail to set the device at address 0x40
[       OK ] I2cInterfaceTest.setAddressFailure (35 ms)
[----------] 7 tests from I2cInterfaceTest (363 ms total)

[----------] Global test environment tear-down
[==========] 7 tests from 1 test suite ran. (363 ms total)
[  PASSED  ] 7 tests.
-- run_test.py: return code 0
-- run_test.py: inject classname prefix into gtest result file '/home/jetpack/SEAME-Cluster-24-25/JetRacer/build/i2c_interface/test_results/i2c_interface/i2c_interface_test.gtest.xml'
-- run_test.py: verify result file '/home/jetpack/SEAME-Cluster-24-25/JetRacer/build/i2c_interface/test_results/i2c_interface/i2c_interface_test.gtest.xml'
</Value>
				</Measurement>
			</Results>
			<Labels>
				<Label>gmock</Label>
			</Labels>
		</Test>
		<EndDateTime>Jan 06 16:07 WET</EndDateTime>
		<EndTestTime>1736179644</EndTestTime>
		<ElapsedMinutes>0</ElapsedMinutes>
	</Testing>
</Site>
