<?xml version="1.0" encoding="UTF-8"?>
<Site BuildName="(empty)"
	BuildStamp="20250106-1455-Experimental"
	Name="jetpack-desktop"
	Generator="ctest-3.28.3"
	CompilerName="/usr/bin/c++"
	CompilerVersion="13.3.0"
	OSName="Linux"
	Hostname="jetpack-desktop"
	OSRelease="6.8.0-1017-raspi"
	OSVersion="#19-Ubuntu SMP PREEMPT_DYNAMIC Fri Dec  6 20:45:12 UTC 2024"
	OSPlatform="aarch64"
	Is64Bits="1"
	VendorString=""
	VendorID="Unknown Manufacturer"
	FamilyID="8"
	ModelID="0"
	ProcessorCacheSize="0"
	NumberOfLogicalCPU="4"
	NumberOfPhysicalCPU="1"
	TotalVirtualMemory="1023"
	TotalPhysicalMemory="7802"
	LogicalProcessorsPerPhysical="4"
	ProcessorClockFrequency="0"
	>
	<Testing>
		<StartDateTime>Jan 06 14:55 WET</StartDateTime>
		<StartTestTime>1736175350</StartTestTime>
		<TestList>
			<Test>./can_interface_test</Test>
		</TestList>
		<Test Status="passed">
			<Name>can_interface_test</Name>
			<Path>.</Path>
			<FullName>./can_interface_test</FullName>
			<FullCommandLine>/usr/bin/python3 "-u" "/opt/ros/jazzy/share/ament_cmake_test/cmake/run_test.py" "/home/jetpack/SEAME-Cluster-24-25/JetRacer/build/can_interface/test_results/can_interface/can_interface_test.gtest.xml" "--package-name" "can_interface" "--output-file" "/home/jetpack/SEAME-Cluster-24-25/JetRacer/build/can_interface/ament_cmake_gmock/can_interface_test.txt" "--command" "/home/jetpack/SEAME-Cluster-24-25/JetRacer/build/can_interface/can_interface_test" "--gtest_output=xml:/home/jetpack/SEAME-Cluster-24-25/JetRacer/build/can_interface/test_results/can_interface/can_interface_test.gtest.xml"</FullCommandLine>
			<Results>
				<NamedMeasurement type="numeric/double" name="Execution Time">
					<Value>0.809134</Value>
				</NamedMeasurement>
				<NamedMeasurement type="numeric/double" name="Processors">
					<Value>1</Value>
				</NamedMeasurement>
				<NamedMeasurement type="text/string" name="Completion Status">
					<Value>Completed</Value>
				</NamedMeasurement>
				<NamedMeasurement type="text/string" name="Command Line">
					<Value>/usr/bin/python3 "-u" "/opt/ros/jazzy/share/ament_cmake_test/cmake/run_test.py" "/home/jetpack/SEAME-Cluster-24-25/JetRacer/build/can_interface/test_results/can_interface/can_interface_test.gtest.xml" "--package-name" "can_interface" "--output-file" "/home/jetpack/SEAME-Cluster-24-25/JetRacer/build/can_interface/ament_cmake_gmock/can_interface_test.txt" "--command" "/home/jetpack/SEAME-Cluster-24-25/JetRacer/build/can_interface/can_interface_test" "--gtest_output=xml:/home/jetpack/SEAME-Cluster-24-25/JetRacer/build/can_interface/test_results/can_interface/can_interface_test.gtest.xml"</Value>
				</NamedMeasurement>
				<NamedMeasurement type="text/string" name="Environment">
					<Value>#CTEST_RESOURCE_GROUP_COUNT=</Value>
				</NamedMeasurement>
				<Measurement>
					<Value>-- run_test.py: invoking following command in '/home/jetpack/SEAME-Cluster-24-25/JetRacer/build/can_interface':
 - /home/jetpack/SEAME-Cluster-24-25/JetRacer/build/can_interface/can_interface_test --gtest_output=xml:/home/jetpack/SEAME-Cluster-24-25/JetRacer/build/can_interface/test_results/can_interface/can_interface_test.gtest.xml
Running main() from gmock_main.cc
[==========] Running 1 test from 1 test suite.
[----------] Global test environment set-up.
[----------] 1 test from CanInterfaceTest
[ RUN      ] CanInterfaceTest.readMessage
[INFO] [1736175351.339219125] [can_interface]: Mock driver received!
[INFO] [1736175351.346940745] [can_interface]: Starting CAN bus interface
[       OK ] CanInterfaceTest.readMessage (211 ms)
[----------] 1 test from CanInterfaceTest (212 ms total)

[----------] Global test environment tear-down
[==========] 1 test from 1 test suite ran. (213 ms total)
[  PASSED  ] 1 test.
-- run_test.py: return code 0
-- run_test.py: inject classname prefix into gtest result file '/home/jetpack/SEAME-Cluster-24-25/JetRacer/build/can_interface/test_results/can_interface/can_interface_test.gtest.xml'
-- run_test.py: verify result file '/home/jetpack/SEAME-Cluster-24-25/JetRacer/build/can_interface/test_results/can_interface/can_interface_test.gtest.xml'
</Value>
				</Measurement>
			</Results>
			<Labels>
				<Label>gmock</Label>
			</Labels>
		</Test>
		<EndDateTime>Jan 06 14:55 WET</EndDateTime>
		<EndTestTime>1736175351</EndTestTime>
		<ElapsedMinutes>0</ElapsedMinutes>
	</Testing>
</Site>
