<?xml version="1.0" encoding="UTF-8"?>
<Site BuildName="(empty)"
	BuildStamp="20250106-1630-Experimental"
	Name="jetpack-desktop"
	Generator="ctest-3.28.3"
	CompilerName="/usr/bin/c++"
	CompilerVersion="13.3.0"
	OSName="Linux"
	Hostname="jetpack-desktop"
	OSRelease="6.8.0-1017-raspi"
	OSVersion="#19-Ubuntu SMP PREEMPT_DYNAMIC Fri Dec  6 20:45:12 UTC 2024"
	OSPlatform="aarch64"
	Is64Bits="1"
	VendorString=""
	VendorID="Unknown Manufacturer"
	FamilyID="8"
	ModelID="0"
	ProcessorCacheSize="0"
	NumberOfLogicalCPU="4"
	NumberOfPhysicalCPU="1"
	TotalVirtualMemory="1023"
	TotalPhysicalMemory="7802"
	LogicalProcessorsPerPhysical="4"
	ProcessorClockFrequency="0"
	>
	<Testing>
		<StartDateTime>Jan 06 16:30 WET</StartDateTime>
		<StartTestTime>1736181027</StartTestTime>
		<TestList>
			<Test>./can_interface_test</Test>
		</TestList>
		<Test Status="passed">
			<Name>can_interface_test</Name>
			<Path>.</Path>
			<FullName>./can_interface_test</FullName>
			<FullCommandLine>/usr/bin/python3 "-u" "/opt/ros/jazzy/share/ament_cmake_test/cmake/run_test.py" "/home/jetpack/SEAME-Cluster-24-25/JetRacer/build/can_interface/test_results/can_interface/can_interface_test.gtest.xml" "--package-name" "can_interface" "--output-file" "/home/jetpack/SEAME-Cluster-24-25/JetRacer/build/can_interface/ament_cmake_gmock/can_interface_test.txt" "--command" "/home/jetpack/SEAME-Cluster-24-25/JetRacer/build/can_interface/can_interface_test" "--gtest_output=xml:/home/jetpack/SEAME-Cluster-24-25/JetRacer/build/can_interface/test_results/can_interface/can_interface_test.gtest.xml"</FullCommandLine>
			<Results>
				<NamedMeasurement type="numeric/double" name="Execution Time">
					<Value>0.874957</Value>
				</NamedMeasurement>
				<NamedMeasurement type="numeric/double" name="Processors">
					<Value>1</Value>
				</NamedMeasurement>
				<NamedMeasurement type="text/string" name="Completion Status">
					<Value>Completed</Value>
				</NamedMeasurement>
				<NamedMeasurement type="text/string" name="Command Line">
					<Value>/usr/bin/python3 "-u" "/opt/ros/jazzy/share/ament_cmake_test/cmake/run_test.py" "/home/jetpack/SEAME-Cluster-24-25/JetRacer/build/can_interface/test_results/can_interface/can_interface_test.gtest.xml" "--package-name" "can_interface" "--output-file" "/home/jetpack/SEAME-Cluster-24-25/JetRacer/build/can_interface/ament_cmake_gmock/can_interface_test.txt" "--command" "/home/jetpack/SEAME-Cluster-24-25/JetRacer/build/can_interface/can_interface_test" "--gtest_output=xml:/home/jetpack/SEAME-Cluster-24-25/JetRacer/build/can_interface/test_results/can_interface/can_interface_test.gtest.xml"</Value>
				</NamedMeasurement>
				<NamedMeasurement type="text/string" name="Environment">
					<Value>#CTEST_RESOURCE_GROUP_COUNT=</Value>
				</NamedMeasurement>
				<Measurement>
					<Value>-- run_test.py: invoking following command in '/home/jetpack/SEAME-Cluster-24-25/JetRacer/build/can_interface':
 - /home/jetpack/SEAME-Cluster-24-25/JetRacer/build/can_interface/can_interface_test --gtest_output=xml:/home/jetpack/SEAME-Cluster-24-25/JetRacer/build/can_interface/test_results/can_interface/can_interface_test.gtest.xml
Running main() from gmock_main.cc
[==========] Running 3 tests from 1 test suite.
[----------] Global test environment set-up.
[----------] 3 tests from CanInterfaceTest
[ RUN      ] CanInterfaceTest.readSuccess
[INFO] [1736181027.885001355] [can_interface]: Mock driver received!
[INFO] [1736181027.889359121] [can_interface]: Starting CAN bus interface
[       OK ] CanInterfaceTest.readSuccess (150 ms)
[ RUN      ] CanInterfaceTest.readFailure
[INFO] [1736181027.959362209] [can_interface]: Mock driver received!
[INFO] [1736181027.963250706] [can_interface]: Starting CAN bus interface
[ERROR] [1736181027.969219031] [can_interface]: Fail reading can bus, request timed out
[       OK ] CanInterfaceTest.readFailure (78 ms)
[ RUN      ] CanInterfaceTest.writeFailure
[INFO] [1736181028.027930401] [can_interface]: Mock driver received!
[INFO] [1736181028.029939453] [can_interface]: Starting CAN bus interface
[ERROR] [1736181028.033296183] [can_interface]: Fail writing data: std::exception
[       OK ] CanInterfaceTest.writeFailure (51 ms)
[----------] 3 tests from CanInterfaceTest (281 ms total)

[----------] Global test environment tear-down
[==========] 3 tests from 1 test suite ran. (281 ms total)
[  PASSED  ] 3 tests.
-- run_test.py: return code 0
-- run_test.py: inject classname prefix into gtest result file '/home/jetpack/SEAME-Cluster-24-25/JetRacer/build/can_interface/test_results/can_interface/can_interface_test.gtest.xml'
-- run_test.py: verify result file '/home/jetpack/SEAME-Cluster-24-25/JetRacer/build/can_interface/test_results/can_interface/can_interface_test.gtest.xml'
</Value>
				</Measurement>
			</Results>
			<Labels>
				<Label>gmock</Label>
			</Labels>
		</Test>
		<EndDateTime>Jan 06 16:30 WET</EndDateTime>
		<EndTestTime>1736181028</EndTestTime>
		<ElapsedMinutes>0</ElapsedMinutes>
	</Testing>
</Site>
